<?xml version="1.0" encoding="UTF-8"?>
<!-- Generated by org.testng.reporters.JUnitReportReporter -->
<testsuite skipped="0" hostname="DESKTOP-B0K6IK5" name="admin.primus.adminTest" tests="2" failures="0" timestamp="2021-05-13T19:12:43 IST" time="35.096" errors="0">
  <testcase name="loginApp" time="10.163" classname="admin.primus.adminTest"/>
  <system-out/>
  <testcase name="logout" time="24.933" classname="admin.primus.adminTest"/>
  <system-out/>
</testsuite> <!-- admin.primus.adminTest -->
